<?xml version="1.0" encoding="UTF-8"?>
<coverage generated="1784131495735" clover="3.2.0">
  <project timestamp="1784131495735" name="All files">
    <metrics statements="164" coveredstatements="69" conditionals="86" coveredconditionals="25" methods="43" coveredmethods="19" elements="293" coveredelements="113" complexity="0" loc="164" ncloc="164" packages="2" files="3" classes="3"/>
    <package name="components">
      <metrics statements="162" coveredstatements="67" conditionals="84" coveredconditionals="23" methods="43" coveredmethods="19"/>
      <file name="UploadPanel.tsx" path="/Users/johnmboga/Documents/Applications/last-mile-health/Senior-Engineer-AI-Digital-Health-Skills-Assessment/frontend/src/components/UploadPanel.tsx">
        <metrics statements="136" coveredstatements="45" conditionals="74" coveredconditionals="16" methods="37" coveredmethods="13"/>
        <line num="1" count="1" type="stmt"/>
        <line num="9" count="1" type="stmt"/>
        <line num="10" count="1" type="stmt"/>
        <line num="41" count="1" type="stmt"/>
        <line num="44" count="0" type="stmt"/>
        <line num="51" count="2" type="stmt"/>
        <line num="52" count="2" type="cond" truecount="0" falsecount="1"/>
        <line num="53" count="2" type="stmt"/>
        <line num="57" count="2" type="stmt"/>
        <line num="67" count="3" type="stmt"/>
        <line num="68" count="8" type="stmt"/>
        <line num="69" count="8" type="stmt"/>
        <line num="70" count="8" type="stmt"/>
        <line num="71" count="8" type="stmt"/>
        <line num="72" count="8" type="stmt"/>
        <line num="73" count="8" type="stmt"/>
        <line num="74" count="8" type="stmt"/>
        <line num="76" count="8" type="stmt"/>
        <line num="77" count="3" type="stmt"/>
        <line num="78" count="3" type="cond" truecount="0" falsecount="1"/>
        <line num="79" count="0" type="stmt"/>
        <line num="81" count="3" type="stmt"/>
        <line num="82" count="3" type="stmt"/>
        <line num="85" count="8" type="stmt"/>
        <line num="86" count="3" type="stmt"/>
        <line num="89" count="3" type="stmt"/>
        <line num="90" count="3" type="stmt"/>
        <line num="91" count="3" type="stmt"/>
        <line num="92" count="3" type="stmt"/>
        <line num="94" count="0" type="cond" truecount="0" falsecount="1"/>
        <line num="95" count="0" type="stmt"/>
        <line num="96" count="0" type="stmt"/>
        <line num="99" count="3" type="cond" truecount="1" falsecount="0"/>
        <line num="103" count="3" type="stmt"/>
        <line num="104" count="3" type="stmt"/>
        <line num="105" count="3" type="stmt"/>
        <line num="110" count="0" type="cond" truecount="0" falsecount="4"/>
        <line num="112" count="0" type="stmt"/>
        <line num="113" count="0" type="stmt"/>
        <line num="114" count="0" type="cond" truecount="0" falsecount="1"/>
        <line num="115" count="0" type="stmt"/>
        <line num="116" count="0" type="stmt"/>
        <line num="118" count="0" type="stmt"/>
        <line num="119" count="0" type="cond" truecount="0" falsecount="1"/>
        <line num="120" count="0" type="stmt"/>
        <line num="121" count="0" type="stmt"/>
        <line num="124" count="0" type="stmt"/>
        <line num="125" count="0" type="stmt"/>
        <line num="127" count="0" type="stmt"/>
        <line num="135" count="0" type="stmt"/>
        <line num="136" count="0" type="stmt"/>
        <line num="138" count="0" type="stmt"/>
        <line num="139" count="0" type="stmt"/>
        <line num="140" count="0" type="stmt"/>
        <line num="144" count="0" type="stmt"/>
        <line num="145" count="0" type="stmt"/>
        <line num="147" count="0" type="stmt"/>
        <line num="148" count="0" type="stmt"/>
        <line num="153" count="0" type="cond" truecount="0" falsecount="1"/>
        <line num="154" count="0" type="stmt"/>
        <line num="155" count="0" type="stmt"/>
        <line num="156" count="0" type="stmt"/>
        <line num="157" count="0" type="cond" truecount="0" falsecount="1"/>
        <line num="158" count="0" type="stmt"/>
        <line num="163" count="0" type="stmt"/>
        <line num="164" count="0" type="stmt"/>
        <line num="165" count="0" type="cond" truecount="0" falsecount="2"/>
        <line num="170" count="0" type="stmt"/>
        <line num="171" count="0" type="stmt"/>
        <line num="174" count="0" type="stmt"/>
        <line num="175" count="0" type="cond" truecount="0" falsecount="1"/>
        <line num="176" count="0" type="stmt"/>
        <line num="179" count="0" type="stmt"/>
        <line num="180" count="0" type="stmt"/>
        <line num="182" count="0" type="stmt"/>
        <line num="183" count="0" type="stmt"/>
        <line num="184" count="0" type="cond" truecount="0" falsecount="1"/>
        <line num="186" count="0" type="stmt"/>
        <line num="187" count="0" type="stmt"/>
        <line num="188" count="0" type="cond" truecount="0" falsecount="2"/>
        <line num="190" count="0" type="stmt"/>
        <line num="191" count="0" type="stmt"/>
        <line num="192" count="0" type="cond" truecount="0" falsecount="1"/>
        <line num="194" count="0" type="stmt"/>
        <line num="195" count="0" type="stmt"/>
        <line num="196" count="0" type="stmt"/>
        <line num="198" count="0" type="cond" truecount="0" falsecount="1"/>
        <line num="200" count="0" type="stmt"/>
        <line num="201" count="0" type="stmt"/>
        <line num="202" count="0" type="cond" truecount="0" falsecount="2"/>
        <line num="216" count="0" type="cond" truecount="0" falsecount="1"/>
        <line num="217" count="0" type="stmt"/>
        <line num="218" count="0" type="stmt"/>
        <line num="219" count="0" type="cond" truecount="0" falsecount="1"/>
        <line num="220" count="0" type="stmt"/>
        <line num="221" count="0" type="stmt"/>
        <line num="222" count="0" type="cond" truecount="0" falsecount="2"/>
        <line num="236" count="0" type="stmt"/>
        <line num="237" count="0" type="stmt"/>
        <line num="243" count="0" type="cond" truecount="0" falsecount="2"/>
        <line num="244" count="0" type="stmt"/>
        <line num="245" count="0" type="stmt"/>
        <line num="246" count="0" type="stmt"/>
        <line num="247" count="0" type="cond" truecount="0" falsecount="4"/>
        <line num="253" count="0" type="stmt"/>
        <line num="254" count="0" type="cond" truecount="0" falsecount="1"/>
        <line num="255" count="0" type="stmt"/>
        <line num="261" count="1" type="cond" truecount="2" falsecount="1"/>
        <line num="262" count="0" type="stmt"/>
        <line num="263" count="0" type="stmt"/>
        <line num="266" count="1" type="stmt"/>
        <line num="269" count="1" type="cond" truecount="0" falsecount="1"/>
        <line num="271" count="1" type="stmt"/>
        <line num="272" count="1" type="stmt"/>
        <line num="273" count="1" type="stmt"/>
        <line num="274" count="1" type="stmt"/>
        <line num="277" count="1" type="cond" truecount="0" falsecount="1"/>
        <line num="278" count="0" type="stmt"/>
        <line num="279" count="0" type="stmt"/>
        <line num="281" count="1" type="cond" truecount="0" falsecount="1"/>
        <line num="282" count="0" type="stmt"/>
        <line num="284" count="1" type="stmt"/>
        <line num="286" count="0" type="stmt"/>
        <line num="288" count="1" type="stmt"/>
        <line num="301" count="0" type="stmt"/>
        <line num="302" count="0" type="cond" truecount="0" falsecount="1"/>
        <line num="304" count="0" type="stmt"/>
        <line num="306" count="0" type="stmt"/>
        <line num="307" count="0" type="stmt"/>
        <line num="308" count="0" type="cond" truecount="0" falsecount="1"/>
        <line num="311" count="0" type="cond" truecount="0" falsecount="1"/>
        <line num="337" count="0" type="stmt"/>
        <line num="358" count="3" type="stmt"/>
        <line num="375" count="1" type="stmt"/>
        <line num="396" count="3" type="cond" truecount="1" falsecount="0"/>
        <line num="404" count="0" type="cond" truecount="0" falsecount="1"/>
      </file>
      <file name="UsagePanel.tsx" path="/Users/johnmboga/Documents/Applications/last-mile-health/Senior-Engineer-AI-Digital-Health-Skills-Assessment/frontend/src/components/UsagePanel.tsx">
        <metrics statements="26" coveredstatements="22" conditionals="10" coveredconditionals="7" methods="6" coveredmethods="6"/>
        <line num="1" count="1" type="stmt"/>
        <line num="2" count="1" type="stmt"/>
        <line num="20" count="4" type="cond" truecount="0" falsecount="1"/>
        <line num="21" count="4" type="cond" truecount="1" falsecount="0"/>
        <line num="22" count="2" type="stmt"/>
        <line num="68" count="1" type="stmt"/>
        <line num="69" count="2" type="stmt"/>
        <line num="70" count="2" type="stmt"/>
        <line num="71" count="2" type="stmt"/>
        <line num="73" count="2" type="stmt"/>
        <line num="74" count="1" type="stmt"/>
        <line num="77" count="1" type="stmt"/>
        <line num="78" count="1" type="stmt"/>
        <line num="79" count="1" type="stmt"/>
        <line num="80" count="1" type="stmt"/>
        <line num="81" count="1" type="cond" truecount="0" falsecount="1"/>
        <line num="82" count="0" type="stmt"/>
        <line num="84" count="1" type="stmt"/>
        <line num="85" count="1" type="cond" truecount="1" falsecount="0"/>
        <line num="87" count="0" type="cond" truecount="0" falsecount="1"/>
        <line num="88" count="0" type="stmt"/>
        <line num="89" count="0" type="stmt"/>
        <line num="92" count="1" type="cond" truecount="1" falsecount="0"/>
        <line num="96" count="1" type="stmt"/>
        <line num="97" count="1" type="stmt"/>
        <line num="98" count="1" type="stmt"/>
      </file>
    </package>
    <package name="config">
      <metrics statements="2" coveredstatements="2" conditionals="2" coveredconditionals="2" methods="0" coveredmethods="0"/>
      <file name="client.ts" path="/Users/johnmboga/Documents/Applications/last-mile-health/Senior-Engineer-AI-Digital-Health-Skills-Assessment/frontend/src/config/client.ts">
        <metrics statements="2" coveredstatements="2" conditionals="2" coveredconditionals="2" methods="0" coveredmethods="0"/>
        <line num="2" count="3" type="cond" truecount="2" falsecount="0"/>
        <line num="4" count="12" type="stmt"/>
      </file>
    </package>
  </project>
</coverage>
