TN:
SF:src/components/UploadPanel.tsx
FN:43,isPdfFile
FN:50,formatUploadedAt
FN:56,mapApiDoc
FN:67,UploadPanel
FN:76,(anonymous_5)
FN:85,(anonymous_6)
FN:88,load
FN:104,(anonymous_8)
FN:109,handleFiles
FN:113,(anonymous_10)
FN:118,(anonymous_11)
FN:127,(anonymous_12)
FN:135,(anonymous_13)
FN:144,(anonymous_14)
FN:163,(anonymous_15)
FN:164,(anonymous_16)
FN:200,(anonymous_17)
FN:201,(anonymous_18)
FN:220,(anonymous_19)
FN:221,(anonymous_20)
FN:245,(anonymous_21)
FN:246,(anonymous_22)
FN:260,removeDoc
FN:262,(anonymous_24)
FN:262,(anonymous_25)
FN:278,(anonymous_26)
FN:278,(anonymous_27)
FN:284,(anonymous_28)
FN:284,(anonymous_29)
FN:300,(anonymous_30)
FN:304,(anonymous_31)
FN:305,(anonymous_32)
FN:310,(anonymous_33)
FN:337,(anonymous_34)
FN:357,(anonymous_35)
FN:375,(anonymous_36)
FN:395,StatusBadge
FNF:37
FNH:13
FNDA:0,isPdfFile
FNDA:2,formatUploadedAt
FNDA:2,mapApiDoc
FNDA:8,UploadPanel
FNDA:3,(anonymous_5)
FNDA:3,(anonymous_6)
FNDA:3,load
FNDA:3,(anonymous_8)
FNDA:0,handleFiles
FNDA:0,(anonymous_10)
FNDA:0,(anonymous_11)
FNDA:0,(anonymous_12)
FNDA:0,(anonymous_13)
FNDA:0,(anonymous_14)
FNDA:0,(anonymous_15)
FNDA:0,(anonymous_16)
FNDA:0,(anonymous_17)
FNDA:0,(anonymous_18)
FNDA:0,(anonymous_19)
FNDA:0,(anonymous_20)
FNDA:0,(anonymous_21)
FNDA:0,(anonymous_22)
FNDA:1,removeDoc
FNDA:0,(anonymous_24)
FNDA:0,(anonymous_25)
FNDA:0,(anonymous_26)
FNDA:0,(anonymous_27)
FNDA:1,(anonymous_28)
FNDA:1,(anonymous_29)
FNDA:0,(anonymous_30)
FNDA:0,(anonymous_31)
FNDA:0,(anonymous_32)
FNDA:0,(anonymous_33)
FNDA:0,(anonymous_34)
FNDA:3,(anonymous_35)
FNDA:1,(anonymous_36)
FNDA:3,StatusBadge
DA:1,1
DA:9,1
DA:10,1
DA:41,1
DA:44,0
DA:51,2
DA:52,2
DA:53,2
DA:57,2
DA:67,3
DA:68,8
DA:69,8
DA:70,8
DA:71,8
DA:72,8
DA:73,8
DA:74,8
DA:76,8
DA:77,3
DA:78,3
DA:79,0
DA:81,3
DA:82,3
DA:85,8
DA:86,3
DA:89,3
DA:90,3
DA:91,3
DA:92,3
DA:94,0
DA:95,0
DA:96,0
DA:99,3
DA:103,3
DA:104,3
DA:105,3
DA:110,0
DA:112,0
DA:113,0
DA:114,0
DA:115,0
DA:116,0
DA:118,0
DA:119,0
DA:120,0
DA:121,0
DA:124,0
DA:125,0
DA:127,0
DA:135,0
DA:136,0
DA:138,0
DA:139,0
DA:140,0
DA:144,0
DA:145,0
DA:147,0
DA:148,0
DA:153,0
DA:154,0
DA:155,0
DA:156,0
DA:157,0
DA:158,0
DA:163,0
DA:164,0
DA:165,0
DA:170,0
DA:171,0
DA:174,0
DA:175,0
DA:176,0
DA:179,0
DA:180,0
DA:182,0
DA:183,0
DA:184,0
DA:186,0
DA:187,0
DA:188,0
DA:190,0
DA:191,0
DA:192,0
DA:194,0
DA:195,0
DA:196,0
DA:198,0
DA:200,0
DA:201,0
DA:202,0
DA:216,0
DA:217,0
DA:218,0
DA:219,0
DA:220,0
DA:221,0
DA:222,0
DA:236,0
DA:237,0
DA:243,0
DA:244,0
DA:245,0
DA:246,0
DA:247,0
DA:253,0
DA:254,0
DA:255,0
DA:261,1
DA:262,0
DA:263,0
DA:266,1
DA:269,1
DA:271,1
DA:272,1
DA:273,1
DA:274,1
DA:277,1
DA:278,0
DA:279,0
DA:281,1
DA:282,0
DA:284,1
DA:286,0
DA:288,1
DA:301,0
DA:302,0
DA:304,0
DA:306,0
DA:307,0
DA:308,0
DA:311,0
DA:337,0
DA:358,3
DA:375,1
DA:396,3
DA:404,0
LF:136
LH:45
BRDA:45,0,0,0
BRDA:45,0,1,0
BRDA:52,1,0,0
BRDA:63,2,0,2
BRDA:63,2,1,2
BRDA:78,3,0,0
BRDA:94,4,0,0
BRDA:99,5,0,3
BRDA:110,6,0,0
BRDA:110,7,0,0
BRDA:110,7,1,0
BRDA:110,7,2,0
BRDA:114,8,0,0
BRDA:119,9,0,0
BRDA:153,10,0,0
BRDA:157,11,0,0
BRDA:165,12,0,0
BRDA:165,12,1,0
BRDA:175,13,0,0
BRDA:184,14,0,0
BRDA:188,15,0,0
BRDA:188,15,1,0
BRDA:192,16,0,0
BRDA:198,17,0,0
BRDA:202,18,0,0
BRDA:202,18,1,0
BRDA:205,19,0,0
BRDA:205,19,1,0
BRDA:206,20,0,0
BRDA:206,20,1,0
BRDA:208,21,0,0
BRDA:208,21,1,0
BRDA:216,22,0,0
BRDA:219,23,0,0
BRDA:222,24,0,0
BRDA:222,24,1,0
BRDA:225,25,0,0
BRDA:225,25,1,0
BRDA:226,26,0,0
BRDA:226,26,1,0
BRDA:228,27,0,0
BRDA:228,27,1,0
BRDA:243,28,0,0
BRDA:243,28,1,0
BRDA:247,29,0,0
BRDA:247,29,1,0
BRDA:247,30,0,0
BRDA:247,30,1,0
BRDA:254,31,0,0
BRDA:261,32,0,0
BRDA:261,33,0,1
BRDA:261,33,1,1
BRDA:269,34,0,0
BRDA:277,35,0,0
BRDA:281,36,0,0
BRDA:302,37,0,0
BRDA:308,38,0,0
BRDA:311,39,0,0
BRDA:314,40,0,0
BRDA:314,40,1,8
BRDA:316,41,0,0
BRDA:316,41,1,8
BRDA:323,42,0,0
BRDA:323,42,1,8
BRDA:341,43,0,8
BRDA:351,44,0,8
BRDA:356,45,0,8
BRDA:356,45,1,5
BRDA:368,46,0,0
BRDA:368,46,1,3
BRDA:385,47,0,8
BRDA:385,47,1,5
BRDA:396,48,0,3
BRDA:404,49,0,0
BRF:74
BRH:16
end_of_record
TN:
SF:src/components/UsagePanel.tsx
FN:19,formatUsd
FN:25,BucketCard
FN:68,UsagePanel
FN:73,(anonymous_4)
FN:76,load
FN:97,(anonymous_6)
FNF:6
FNH:6
FNDA:4,formatUsd
FNDA:3,BucketCard
FNDA:2,UsagePanel
FNDA:1,(anonymous_4)
FNDA:1,load
FNDA:1,(anonymous_6)
DA:1,1
DA:2,1
DA:20,4
DA:21,4
DA:22,2
DA:68,1
DA:69,2
DA:70,2
DA:71,2
DA:73,2
DA:74,1
DA:77,1
DA:78,1
DA:79,1
DA:80,1
DA:81,1
DA:82,0
DA:84,1
DA:85,1
DA:87,0
DA:88,0
DA:89,0
DA:92,1
DA:96,1
DA:97,1
DA:98,1
LF:26
LH:22
BRDA:20,0,0,0
BRDA:21,1,0,2
BRDA:81,2,0,0
BRDA:85,3,0,1
BRDA:87,4,0,0
BRDA:92,5,0,1
BRDA:113,6,0,2
BRDA:117,7,0,2
BRDA:123,8,0,2
BRDA:123,8,1,1
BRF:10
BRH:7
end_of_record
TN:
SF:src/config/client.ts
FNF:0
FNH:0
DA:2,3
DA:4,12
LF:2
LH:2
BRDA:2,0,0,3
BRDA:2,0,1,3
BRF:2
BRH:2
end_of_record
